<?xml version="1.0" encoding="UTF-8"?>
<testng-results ignored="0" total="1" passed="1" failed="0" skipped="0">
  <reporter-output>
  </reporter-output>
  <suite started-at="2025-04-04T14:45:43Z" name="Suite" finished-at="2025-04-04T14:46:26Z" duration-ms="42886">
    <groups>
    </groups>
    <test started-at="2025-04-04T14:45:43Z" name="Test" finished-at="2025-04-04T14:46:26Z" duration-ms="42886">
      <class name="com.Demoblaze.tests.DemoblazeTest">
        <test-method is-config="true" signature="initializeDriver(java.lang.String)[pri:0, instance:com.Demoblaze.tests.DemoblazeTest@556d0826]" started-at="2025-04-04T14:45:43Z" name="initializeDriver" finished-at="2025-04-04T14:45:56Z" duration-ms="13609" status="PASS">
          <params>
            <param index="0">
              <value>
                <![CDATA[Chrome]]>
              </value>
            </param>
          </params>
          <reporter-output>
          </reporter-output>
        </test-method> <!-- initializeDriver -->
        <test-method signature="TC01_DemoblazeTest()[pri:0, instance:com.Demoblaze.tests.DemoblazeTest@556d0826]" started-at="2025-04-04T14:45:56Z" name="TC01_DemoblazeTest" finished-at="2025-04-04T14:46:25Z" duration-ms="28646" status="PASS">
          <reporter-output>
          </reporter-output>
        </test-method> <!-- TC01_DemoblazeTest -->
        <test-method is-config="true" signature="terminateBrowser(org.testng.ITestResult)[pri:0, instance:com.Demoblaze.tests.DemoblazeTest@556d0826]" started-at="2025-04-04T14:46:25Z" name="terminateBrowser" finished-at="2025-04-04T14:46:26Z" duration-ms="554" status="PASS">
          <params>
            <param index="0">
              <value>
                <![CDATA[[TestResult name=TC01_DemoblazeTest status=SUCCESS method=DemoblazeTest.TC01_DemoblazeTest()[pri:0, instance:com.Demoblaze.tests.DemoblazeTest@556d0826] output={null}]]]>
              </value>
            </param>
          </params>
          <reporter-output>
          </reporter-output>
        </test-method> <!-- terminateBrowser -->
      </class> <!-- com.Demoblaze.tests.DemoblazeTest -->
    </test> <!-- Test -->
  </suite> <!-- Suite -->
</testng-results>
