<?xml version="1.0" encoding="UTF-8"?>
<testng-results ignored="0" total="1" passed="1" failed="0" skipped="0">
  <reporter-output>
  </reporter-output>
  <suite started-at="2025-04-03T18:51:51Z" name="Suite" finished-at="2025-04-03T18:52:17Z" duration-ms="26187">
    <groups>
    </groups>
    <test started-at="2025-04-03T18:51:51Z" name="Test" finished-at="2025-04-03T18:52:17Z" duration-ms="26187">
      <class name="com.Demoblaze.tests.DemoblazeTest">
        <test-method is-config="true" signature="initializeDriver(java.lang.String)[pri:0, instance:com.Demoblaze.tests.DemoblazeTest@3b220bcb]" started-at="2025-04-03T18:51:51Z" name="initializeDriver" finished-at="2025-04-03T18:51:59Z" duration-ms="8415" status="PASS">
          <params>
            <param index="0">
              <value>
                <![CDATA[Chrome]]>
              </value>
            </param>
          </params>
          <reporter-output>
          </reporter-output>
        </test-method> <!-- initializeDriver -->
        <test-method signature="TC01_DemoblazeTest()[pri:0, instance:com.Demoblaze.tests.DemoblazeTest@3b220bcb]" started-at="2025-04-03T18:51:59Z" name="TC01_DemoblazeTest" finished-at="2025-04-03T18:52:17Z" duration-ms="17581" status="PASS">
          <reporter-output>
          </reporter-output>
        </test-method> <!-- TC01_DemoblazeTest -->
        <test-method is-config="true" signature="terminateBrowser(org.testng.ITestResult)[pri:0, instance:com.Demoblaze.tests.DemoblazeTest@3b220bcb]" started-at="2025-04-03T18:52:17Z" name="terminateBrowser" finished-at="2025-04-03T18:52:17Z" duration-ms="163" status="PASS">
          <params>
            <param index="0">
              <value>
                <![CDATA[[TestResult name=TC01_DemoblazeTest status=SUCCESS method=DemoblazeTest.TC01_DemoblazeTest()[pri:0, instance:com.Demoblaze.tests.DemoblazeTest@3b220bcb] output={null}]]]>
              </value>
            </param>
          </params>
          <reporter-output>
          </reporter-output>
        </test-method> <!-- terminateBrowser -->
      </class> <!-- com.Demoblaze.tests.DemoblazeTest -->
    </test> <!-- Test -->
  </suite> <!-- Suite -->
</testng-results>
